
  .   ____          _            __ _ _
 /\\ / ___'_ __ _ _(_)_ __  __ _ \ \ \ \
( ( )\___ | '_ | '_| | '_ \/ _` | \ \ \ \
 \\/  ___)| |_)| | | | | || (_| |  ) ) ) )
  '  |____| .__|_| |_|_| |_\__, | / / / /
 =========|_|==============|___/=/_/_/_/
 :: Spring Boot ::                (v3.1.5)

2025-09-28T16:04:42.579-07:00  INFO 76352 --- [           main] c.c.b.CloudSecureBackendApplication      : Starting CloudSecureBackendApplication v1.0.0 using Java 17.0.7 with PID 76352 (/Users/xinpid/Documents/xdu_personal/CouldSecureAI/backend-service/target/backend-service-1.0.0.jar started by xinpid in /Users/xinpid/Documents/xdu_personal/CouldSecureAI/backend-service)
2025-09-28T16:04:42.580-07:00 DEBUG 76352 --- [           main] c.c.b.CloudSecureBackendApplication      : Running with Spring Boot v3.1.5, Spring v6.0.13
2025-09-28T16:04:42.580-07:00  INFO 76352 --- [           main] c.c.b.CloudSecureBackendApplication      : No active profile set, falling back to 1 default profile: "default"
2025-09-28T16:04:42.943-07:00  INFO 76352 --- [           main] .s.d.r.c.RepositoryConfigurationDelegate : Bootstrapping Spring Data JPA repositories in DEFAULT mode.
2025-09-28T16:04:42.977-07:00  INFO 76352 --- [           main] .s.d.r.c.RepositoryConfigurationDelegate : Finished Spring Data repository scanning in 29 ms. Found 1 JPA repository interfaces.
2025-09-28T16:04:43.322-07:00  INFO 76352 --- [           main] o.s.b.w.embedded.tomcat.TomcatWebServer  : Tomcat initialized with port(s): 8080 (http)
2025-09-28T16:04:43.327-07:00  INFO 76352 --- [           main] o.apache.catalina.core.StandardService   : Starting service [Tomcat]
2025-09-28T16:04:43.327-07:00  INFO 76352 --- [           main] o.apache.catalina.core.StandardEngine    : Starting Servlet engine: [Apache Tomcat/10.1.15]
2025-09-28T16:04:43.361-07:00  INFO 76352 --- [           main] o.a.c.c.C.[Tomcat].[localhost].[/api]    : Initializing Spring embedded WebApplicationContext
2025-09-28T16:04:43.362-07:00  INFO 76352 --- [           main] w.s.c.ServletWebServerApplicationContext : Root WebApplicationContext: initialization completed in 756 ms
2025-09-28T16:04:43.383-07:00  INFO 76352 --- [           main] com.zaxxer.hikari.HikariDataSource       : HikariPool-1 - Starting...
2025-09-28T16:04:43.508-07:00  INFO 76352 --- [           main] com.zaxxer.hikari.pool.HikariPool        : HikariPool-1 - Added connection conn0: url=jdbc:h2:mem:testdb user=SA
2025-09-28T16:04:43.509-07:00  INFO 76352 --- [           main] com.zaxxer.hikari.HikariDataSource       : HikariPool-1 - Start completed.
2025-09-28T16:04:43.515-07:00  INFO 76352 --- [           main] o.s.b.a.h2.H2ConsoleAutoConfiguration    : H2 console available at '/h2-console'. Database available at 'jdbc:h2:mem:testdb'
2025-09-28T16:04:43.580-07:00  INFO 76352 --- [           main] o.hibernate.jpa.internal.util.LogHelper  : HHH000204: Processing PersistenceUnitInfo [name: default]
2025-09-28T16:04:43.618-07:00  INFO 76352 --- [           main] org.hibernate.Version                    : HHH000412: Hibernate ORM core version 6.2.13.Final
2025-09-28T16:04:43.620-07:00  INFO 76352 --- [           main] org.hibernate.cfg.Environment            : HHH000406: Using bytecode reflection optimizer
2025-09-28T16:04:43.784-07:00  INFO 76352 --- [           main] o.s.o.j.p.SpringPersistenceUnitInfo      : No LoadTimeWeaver setup: ignoring JPA class transformer
2025-09-28T16:04:43.811-07:00  WARN 76352 --- [           main] org.hibernate.orm.deprecation            : HHH90000025: H2Dialect does not need to be specified explicitly using 'hibernate.dialect' (remove the property setting and it will be selected by default)
2025-09-28T16:04:44.298-07:00  INFO 76352 --- [           main] o.h.e.t.j.p.i.JtaPlatformInitiator       : HHH000489: No JTA platform available (set 'hibernate.transaction.jta.platform' to enable JTA platform integration)
Hibernate: 
    drop table if exists users cascade 
Hibernate: 
    create table users (
        account_non_expired boolean,
        account_non_locked boolean,
        credentials_non_expired boolean,
        enabled boolean,
        created_at timestamp(6),
        id bigint generated by default as identity,
        updated_at timestamp(6),
        username varchar(50) not null unique,
        email varchar(255) not null unique,
        first_name varchar(255),
        last_name varchar(255),
        password varchar(255) not null,
        role varchar(255) check (role in ('USER','ADMIN')),
        primary key (id)
    )
2025-09-28T16:04:44.323-07:00  INFO 76352 --- [           main] j.LocalContainerEntityManagerFactoryBean : Initialized JPA EntityManagerFactory for persistence unit 'default'
2025-09-28T16:04:44.546-07:00 DEBUG 76352 --- [           main] c.c.backend.security.AuthTokenFilter     : Filter 'authenticationJwtTokenFilter' configured for use
2025-09-28T16:04:44.611-07:00  WARN 76352 --- [           main] JpaBaseConfiguration$JpaWebConfiguration : spring.jpa.open-in-view is enabled by default. Therefore, database queries may be performed during view rendering. Explicitly configure spring.jpa.open-in-view to disable this warning
2025-09-28T16:04:44.686-07:00  INFO 76352 --- [           main] o.s.s.web.DefaultSecurityFilterChain     : Will secure any request with [org.springframework.security.web.session.DisableEncodeUrlFilter@3b48e183, org.springframework.security.web.context.request.async.WebAsyncManagerIntegrationFilter@514de325, org.springframework.security.web.context.SecurityContextHolderFilter@63d4f0a2, org.springframework.security.web.header.HeaderWriterFilter@40e32762, org.springframework.web.filter.CorsFilter@30c1da48, org.springframework.security.web.authentication.logout.LogoutFilter@257e0827, com.cloudsecure.backend.security.AuthTokenFilter@2b680207, org.springframework.security.web.savedrequest.RequestCacheAwareFilter@a4b5ce3, org.springframework.security.web.servletapi.SecurityContextHolderAwareRequestFilter@4b4eced1, org.springframework.security.web.authentication.AnonymousAuthenticationFilter@43a65cd8, org.springframework.security.web.session.SessionManagementFilter@63dfada0, org.springframework.security.web.access.ExceptionTranslationFilter@5b7c8930, org.springframework.security.web.access.intercept.AuthorizationFilter@187e5235]
2025-09-28T16:04:44.780-07:00  INFO 76352 --- [           main] o.s.b.a.w.s.WelcomePageHandlerMapping    : Adding welcome page template: index
2025-09-28T16:04:44.899-07:00  INFO 76352 --- [           main] o.s.b.w.embedded.tomcat.TomcatWebServer  : Tomcat started on port(s): 8080 (http) with context path '/api'
2025-09-28T16:04:44.949-07:00  INFO 76352 --- [           main] c.c.b.CloudSecureBackendApplication      : Started CloudSecureBackendApplication in 2.557 seconds (process running for 2.857)
Hibernate: 
    select
        u1_0.id 
    from
        users u1_0 
    where
        u1_0.username=? 
    fetch
        first ? rows only
Hibernate: 
    insert 
    into
        users
        (account_non_expired,account_non_locked,created_at,credentials_non_expired,email,enabled,first_name,last_name,password,role,updated_at,username,id) 
    values
        (?,?,?,?,?,?,?,?,?,?,?,?,default)
Default admin user created:
Username: admin
Password: admin123
Email: admin@cloudsecure.com
Hibernate: 
    select
        u1_0.id 
    from
        users u1_0 
    where
        u1_0.username=? 
    fetch
        first ? rows only
Hibernate: 
    insert 
    into
        users
        (account_non_expired,account_non_locked,created_at,credentials_non_expired,email,enabled,first_name,last_name,password,role,updated_at,username,id) 
    values
        (?,?,?,?,?,?,?,?,?,?,?,?,default)
Default user created:
Username: user
Password: user123
Email: user@cloudsecure.com
2025-09-28T16:04:53.662-07:00  INFO 76352 --- [nio-8080-exec-1] o.a.c.c.C.[Tomcat].[localhost].[/api]    : Initializing Spring DispatcherServlet 'dispatcherServlet'
2025-09-28T16:04:53.663-07:00  INFO 76352 --- [nio-8080-exec-1] o.s.web.servlet.DispatcherServlet        : Initializing Servlet 'dispatcherServlet'
2025-09-28T16:04:53.664-07:00  INFO 76352 --- [nio-8080-exec-1] o.s.web.servlet.DispatcherServlet        : Completed initialization in 0 ms
2025-09-28T16:04:53.669-07:00 DEBUG 76352 --- [nio-8080-exec-1] o.s.security.web.FilterChainProxy        : Securing GET /
2025-09-28T16:04:53.674-07:00 DEBUG 76352 --- [nio-8080-exec-1] o.s.s.w.a.AnonymousAuthenticationFilter  : Set SecurityContextHolder to anonymous SecurityContext
2025-09-28T16:04:53.675-07:00 DEBUG 76352 --- [nio-8080-exec-1] o.s.security.web.FilterChainProxy        : Secured GET /
2025-09-28T16:04:57.655-07:00 DEBUG 76352 --- [nio-8080-exec-3] o.s.security.web.FilterChainProxy        : Securing GET /login
2025-09-28T16:04:57.655-07:00 DEBUG 76352 --- [nio-8080-exec-3] o.s.s.w.a.AnonymousAuthenticationFilter  : Set SecurityContextHolder to anonymous SecurityContext
2025-09-28T16:04:57.656-07:00 DEBUG 76352 --- [nio-8080-exec-3] o.s.security.web.FilterChainProxy        : Secured GET /login
2025-09-28T16:05:01.641-07:00 DEBUG 76352 --- [nio-8080-exec-5] o.s.security.web.FilterChainProxy        : Securing POST /auth/login
2025-09-28T16:05:01.642-07:00 DEBUG 76352 --- [nio-8080-exec-5] o.s.s.w.a.AnonymousAuthenticationFilter  : Set SecurityContextHolder to anonymous SecurityContext
2025-09-28T16:05:01.642-07:00 DEBUG 76352 --- [nio-8080-exec-5] o.s.security.web.FilterChainProxy        : Secured POST /auth/login
Hibernate: 
    select
        u1_0.id,
        u1_0.account_non_expired,
        u1_0.account_non_locked,
        u1_0.created_at,
        u1_0.credentials_non_expired,
        u1_0.email,
        u1_0.enabled,
        u1_0.first_name,
        u1_0.last_name,
        u1_0.password,
        u1_0.role,
        u1_0.updated_at,
        u1_0.username 
    from
        users u1_0 
    where
        u1_0.username=?
2025-09-28T16:05:01.894-07:00 DEBUG 76352 --- [nio-8080-exec-5] o.s.s.a.dao.DaoAuthenticationProvider    : Authenticated user
2025-09-28T16:05:06.369-07:00 DEBUG 76352 --- [nio-8080-exec-7] o.s.security.web.FilterChainProxy        : Securing POST /auth/login
2025-09-28T16:05:06.370-07:00 DEBUG 76352 --- [nio-8080-exec-7] o.s.s.w.a.AnonymousAuthenticationFilter  : Set SecurityContextHolder to anonymous SecurityContext
2025-09-28T16:05:06.370-07:00 DEBUG 76352 --- [nio-8080-exec-7] o.s.security.web.FilterChainProxy        : Secured POST /auth/login
Hibernate: 
    select
        u1_0.id,
        u1_0.account_non_expired,
        u1_0.account_non_locked,
        u1_0.created_at,
        u1_0.credentials_non_expired,
        u1_0.email,
        u1_0.enabled,
        u1_0.first_name,
        u1_0.last_name,
        u1_0.password,
        u1_0.role,
        u1_0.updated_at,
        u1_0.username 
    from
        users u1_0 
    where
        u1_0.username=?
2025-09-28T16:05:06.461-07:00 DEBUG 76352 --- [nio-8080-exec-7] o.s.s.a.dao.DaoAuthenticationProvider    : Authenticated user
2025-09-28T16:05:06.484-07:00 DEBUG 76352 --- [nio-8080-exec-9] o.s.security.web.FilterChainProxy        : Securing GET /api/user/profile
Hibernate: 
    select
        u1_0.id,
        u1_0.account_non_expired,
        u1_0.account_non_locked,
        u1_0.created_at,
        u1_0.credentials_non_expired,
        u1_0.email,
        u1_0.enabled,
        u1_0.first_name,
        u1_0.last_name,
        u1_0.password,
        u1_0.role,
        u1_0.updated_at,
        u1_0.username 
    from
        users u1_0 
    where
        u1_0.username=?
2025-09-28T16:05:06.505-07:00 DEBUG 76352 --- [nio-8080-exec-9] o.s.security.web.FilterChainProxy        : Secured GET /api/user/profile
2025-09-28T16:05:06.506-07:00 DEBUG 76352 --- [nio-8080-exec-9] horizationManagerBeforeMethodInterceptor : Authorizing method invocation ReflectiveMethodInvocation: public org.springframework.http.ResponseEntity com.cloudsecure.backend.controller.UserController.getUserProfile(); target is of class [com.cloudsecure.backend.controller.UserController]
2025-09-28T16:05:06.529-07:00 DEBUG 76352 --- [nio-8080-exec-9] horizationManagerBeforeMethodInterceptor : Authorized method invocation ReflectiveMethodInvocation: public org.springframework.http.ResponseEntity com.cloudsecure.backend.controller.UserController.getUserProfile(); target is of class [com.cloudsecure.backend.controller.UserController]
2025-09-28T16:05:14.076-07:00  INFO 76352 --- [ionShutdownHook] j.LocalContainerEntityManagerFactoryBean : Closing JPA EntityManagerFactory for persistence unit 'default'
Hibernate: 
    drop table if exists users cascade 
2025-09-28T16:05:14.266-07:00  INFO 76352 --- [ionShutdownHook] com.zaxxer.hikari.HikariDataSource       : HikariPool-1 - Shutdown initiated...
2025-09-28T16:05:14.275-07:00  INFO 76352 --- [ionShutdownHook] com.zaxxer.hikari.HikariDataSource       : HikariPool-1 - Shutdown completed.
