
  .   ____          _            __ _ _
 /\\ / ___'_ __ _ _(_)_ __  __ _ \ \ \ \
( ( )\___ | '_ | '_| | '_ \/ _` | \ \ \ \
 \\/  ___)| |_)| | | | | || (_| |  ) ) ) )
  '  |____| .__|_| |_|_| |_\__, | / / / /
 =========|_|==============|___/=/_/_/_/
 :: Spring Boot ::                (v3.1.5)

2025-09-28T16:36:12.928-07:00  INFO 98172 --- [           main] c.c.b.CloudSecureBackendApplication      : Starting CloudSecureBackendApplication v1.0.0 using Java 17.0.7 with PID 98172 (/Users/xinpid/Documents/xdu_personal/CouldSecureAI/backend-service/target/backend-service-1.0.0.jar started by xinpid in /Users/xinpid/Documents/xdu_personal/CouldSecureAI/backend-service)
2025-09-28T16:36:12.929-07:00 DEBUG 98172 --- [           main] c.c.b.CloudSecureBackendApplication      : Running with Spring Boot v3.1.5, Spring v6.0.13
2025-09-28T16:36:12.929-07:00  INFO 98172 --- [           main] c.c.b.CloudSecureBackendApplication      : No active profile set, falling back to 1 default profile: "default"
2025-09-28T16:36:13.329-07:00  INFO 98172 --- [           main] .s.d.r.c.RepositoryConfigurationDelegate : Bootstrapping Spring Data JPA repositories in DEFAULT mode.
2025-09-28T16:36:13.365-07:00  INFO 98172 --- [           main] .s.d.r.c.RepositoryConfigurationDelegate : Finished Spring Data repository scanning in 30 ms. Found 1 JPA repository interfaces.
2025-09-28T16:36:13.728-07:00  INFO 98172 --- [           main] o.s.b.w.embedded.tomcat.TomcatWebServer  : Tomcat initialized with port(s): 8080 (http)
2025-09-28T16:36:13.733-07:00  INFO 98172 --- [           main] o.apache.catalina.core.StandardService   : Starting service [Tomcat]
2025-09-28T16:36:13.734-07:00  INFO 98172 --- [           main] o.apache.catalina.core.StandardEngine    : Starting Servlet engine: [Apache Tomcat/10.1.15]
2025-09-28T16:36:13.771-07:00  INFO 98172 --- [           main] o.a.c.c.C.[Tomcat].[localhost].[/api]    : Initializing Spring embedded WebApplicationContext
2025-09-28T16:36:13.772-07:00  INFO 98172 --- [           main] w.s.c.ServletWebServerApplicationContext : Root WebApplicationContext: initialization completed in 815 ms
2025-09-28T16:36:13.793-07:00  INFO 98172 --- [           main] com.zaxxer.hikari.HikariDataSource       : HikariPool-1 - Starting...
2025-09-28T16:36:13.917-07:00  INFO 98172 --- [           main] com.zaxxer.hikari.pool.HikariPool        : HikariPool-1 - Added connection conn0: url=jdbc:h2:mem:testdb user=SA
2025-09-28T16:36:13.918-07:00  INFO 98172 --- [           main] com.zaxxer.hikari.HikariDataSource       : HikariPool-1 - Start completed.
2025-09-28T16:36:13.925-07:00  INFO 98172 --- [           main] o.s.b.a.h2.H2ConsoleAutoConfiguration    : H2 console available at '/h2-console'. Database available at 'jdbc:h2:mem:testdb'
2025-09-28T16:36:13.982-07:00  INFO 98172 --- [           main] o.hibernate.jpa.internal.util.LogHelper  : HHH000204: Processing PersistenceUnitInfo [name: default]
2025-09-28T16:36:14.022-07:00  INFO 98172 --- [           main] org.hibernate.Version                    : HHH000412: Hibernate ORM core version 6.2.13.Final
2025-09-28T16:36:14.024-07:00  INFO 98172 --- [           main] org.hibernate.cfg.Environment            : HHH000406: Using bytecode reflection optimizer
2025-09-28T16:36:14.191-07:00  INFO 98172 --- [           main] o.s.o.j.p.SpringPersistenceUnitInfo      : No LoadTimeWeaver setup: ignoring JPA class transformer
2025-09-28T16:36:14.223-07:00  WARN 98172 --- [           main] org.hibernate.orm.deprecation            : HHH90000025: H2Dialect does not need to be specified explicitly using 'hibernate.dialect' (remove the property setting and it will be selected by default)
2025-09-28T16:36:14.720-07:00  INFO 98172 --- [           main] o.h.e.t.j.p.i.JtaPlatformInitiator       : HHH000489: No JTA platform available (set 'hibernate.transaction.jta.platform' to enable JTA platform integration)
Hibernate: 
    drop table if exists users cascade 
Hibernate: 
    create table users (
        account_non_expired boolean,
        account_non_locked boolean,
        credentials_non_expired boolean,
        enabled boolean,
        created_at timestamp(6),
        id bigint generated by default as identity,
        updated_at timestamp(6),
        username varchar(50) not null unique,
        email varchar(255) not null unique,
        first_name varchar(255),
        last_name varchar(255),
        password varchar(255) not null,
        role varchar(255) check (role in ('USER','ADMIN')),
        primary key (id)
    )
2025-09-28T16:36:14.745-07:00  INFO 98172 --- [           main] j.LocalContainerEntityManagerFactoryBean : Initialized JPA EntityManagerFactory for persistence unit 'default'
2025-09-28T16:36:14.971-07:00 DEBUG 98172 --- [           main] c.c.backend.security.AuthTokenFilter     : Filter 'authenticationJwtTokenFilter' configured for use
2025-09-28T16:36:15.030-07:00  WARN 98172 --- [           main] JpaBaseConfiguration$JpaWebConfiguration : spring.jpa.open-in-view is enabled by default. Therefore, database queries may be performed during view rendering. Explicitly configure spring.jpa.open-in-view to disable this warning
2025-09-28T16:36:15.098-07:00  INFO 98172 --- [           main] o.s.s.web.DefaultSecurityFilterChain     : Will secure any request with [org.springframework.security.web.session.DisableEncodeUrlFilter@2c05ff9d, org.springframework.security.web.context.request.async.WebAsyncManagerIntegrationFilter@33956d1a, org.springframework.security.web.context.SecurityContextHolderFilter@9b9a327, org.springframework.security.web.header.HeaderWriterFilter@5c441290, org.springframework.web.filter.CorsFilter@2e1ddc90, org.springframework.security.web.authentication.logout.LogoutFilter@20d87335, com.cloudsecure.backend.security.AuthTokenFilter@7baf1f5a, org.springframework.security.web.savedrequest.RequestCacheAwareFilter@358ab600, org.springframework.security.web.servletapi.SecurityContextHolderAwareRequestFilter@44065156, org.springframework.security.web.authentication.AnonymousAuthenticationFilter@5b7c8930, org.springframework.security.web.session.SessionManagementFilter@17dd671f, org.springframework.security.web.access.ExceptionTranslationFilter@73d60e76, org.springframework.security.web.access.intercept.AuthorizationFilter@608fe01f]
2025-09-28T16:36:15.274-07:00  WARN 98172 --- [           main] ConfigServletWebServerApplicationContext : Exception encountered during context initialization - cancelling refresh attempt: org.springframework.context.ApplicationContextException: Failed to start bean 'webServerStartStop'
2025-09-28T16:36:15.276-07:00  INFO 98172 --- [           main] j.LocalContainerEntityManagerFactoryBean : Closing JPA EntityManagerFactory for persistence unit 'default'
Hibernate: 
    drop table if exists users cascade 
2025-09-28T16:36:15.278-07:00  INFO 98172 --- [           main] com.zaxxer.hikari.HikariDataSource       : HikariPool-1 - Shutdown initiated...
2025-09-28T16:36:15.279-07:00  INFO 98172 --- [           main] com.zaxxer.hikari.HikariDataSource       : HikariPool-1 - Shutdown completed.
2025-09-28T16:36:15.279-07:00  INFO 98172 --- [           main] o.apache.catalina.core.StandardService   : Stopping service [Tomcat]
2025-09-28T16:36:15.285-07:00  INFO 98172 --- [           main] .s.b.a.l.ConditionEvaluationReportLogger : 

Error starting ApplicationContext. To display the condition evaluation report re-run your application with 'debug' enabled.
2025-09-28T16:36:15.293-07:00 ERROR 98172 --- [           main] o.s.b.d.LoggingFailureAnalysisReporter   : 

***************************
APPLICATION FAILED TO START
***************************

Description:

Web server failed to start. Port 8080 was already in use.

Action:

Identify and stop the process that's listening on port 8080 or configure this application to listen on another port.

